<?xml version="1.0" encoding="UTF-8"?>
<!-- Generated by org.testng.reporters.JUnitReportReporter -->
<testsuite hostname="DESKTOP-ODJGIG9" name="com.Android.SampleTest.ApiDemosTest" tests="1" failures="0" timestamp="26 Mar 2021 06:00:32 GMT" time="25.066" errors="0">
  <testcase name="apidemosTest" time="25.066" classname="com.Android.SampleTest.ApiDemosTest"/>
</testsuite> <!-- com.Android.SampleTest.ApiDemosTest -->
